<?xml version="1.0" encoding="UTF-8"?>
<!-- Generated by org.testng.reporters.JUnitReportReporter -->
<testsuite skipped="0" hostname="PF19GKQ2" name="TestSteps.TestCase2" tests="1" failures="0" timestamp="17 Dec 2019 06:24:01 GMT" time="13.686" errors="0">
  <testcase name="ProductSearchResult" time="13.686" classname="TestSteps.TestCase2"/>
</testsuite> <!-- TestSteps.TestCase2 -->
